<?xml version="1.0" encoding="UTF-8"?>
<!-- Generated by org.testng.reporters.JUnitXMLReporter -->
<testsuite ignored="0" hostname="LAPTOP-CF2T1U0H" failures="0" tests="3" name="Test-1" time="57.592" errors="0" timestamp="2024-08-05T10:08:02 IST">
  <testcase classname="com.comcast.crm.orgtest.CreateOrganizationTest2" name="createOrganizationTest" time="19.313"/>
  <testcase classname="com.comcast.crm.orgtest.CreateOrganizationTest2" name="createOrganizationWithIndustriesTest" time="8.951"/>
  <testcase classname="com.comcast.crm.orgtest.CreateOrganizationTest2" name="createOrganizationWithPhoneNumberTest" time="7.932"/>
</testsuite> <!-- Test-1 -->
