<?xml version="1.0" encoding="UTF-8"?>
<!-- Generated by org.testng.reporters.JUnitReportReporter -->
<testsuite hostname="LAPTOP-CF2T1U0H" failures="0" tests="1" name="com.comcast.crm.contactest.CreateContactTest" time="20.230" errors="0" timestamp="2024-08-02T21:01:24 IST" skipped="0">
  <testcase classname="com.comcast.crm.contactest.CreateContactTest" name="createContactTest" time="20.230"/>
  <system-out/>
</testsuite> <!-- com.comcast.crm.contactest.CreateContactTest -->
