<?xml version="1.0" encoding="UTF-8"?>
<!-- Generated by org.testng.reporters.JUnitReportReporter -->
<testsuite hostname="LAPTOP-CF2T1U0H" failures="0" tests="1" name="practice.test.HotStarTest" time="96.028" errors="0" timestamp="2024-08-09T16:34:01 IST" skipped="0">
  <testcase classname="practice.test.HotStarTest" name="openHomePageTest" time="96.028"/>
  <system-out/>
</testsuite> <!-- practice.test.HotStarTest -->
