<?xml version="1.0" encoding="UTF-8"?>
<!-- Generated by org.testng.reporters.JUnitReportReporter -->
<testsuite hostname="LAPTOP-CF2T1U0H" failures="0" tests="1" name="practice.test.SampleReportTest" time="6.466" errors="0" timestamp="2024-08-08T12:09:17 IST" skipped="0">
  <testcase classname="practice.test.SampleReportTest" name="createContactTest" time="6.466"/>
  <system-out/>
</testsuite> <!-- practice.test.SampleReportTest -->
