<?xml version="1.0" encoding="UTF-8"?>
<!-- Generated by org.testng.reporters.JUnitReportReporter -->
<testsuite hostname="LAPTOP-CF2T1U0H" failures="0" tests="1" name="com.comcast.crm.orgtest.CreateOrganization1Test" time="24.254" errors="0" timestamp="2024-08-02T21:00:11 IST" skipped="0">
  <testcase classname="com.comcast.crm.orgtest.CreateOrganization1Test" name="createOrganizationTest" time="24.254"/>
  <system-out/>
</testsuite> <!-- com.comcast.crm.orgtest.CreateOrganization1Test -->
