<?xml version="1.0" encoding="UTF-8"?>
<!-- Generated by org.testng.reporters.JUnitReportReporter -->
<testsuite hostname="LAPTOP-CF2T1U0H" failures="0" tests="3" name="practice.test.GetDataFromDP" time="0.008" errors="0" timestamp="2024-08-03T11:06:13 IST" skipped="0">
  <testcase classname="practice.test.GetDataFromDP" name="getDataFromDP" time="0.006"/>
  <system-out/>
  <testcase classname="practice.test.GetDataFromDP" name="getDataFromDP" time="0.001"/>
  <system-out/>
  <testcase classname="practice.test.GetDataFromDP" name="getDataFromDP" time="0.001"/>
  <system-out/>
</testsuite> <!-- practice.test.GetDataFromDP -->
