<?xml version="1.0" encoding="UTF-8"?>
<!-- Generated by org.testng.reporters.JUnitReportReporter -->
<testsuite hostname="LAPTOP-CF2T1U0H" failures="0" tests="6" name="practice.test.InParallelTest" time="0.010" errors="0" timestamp="2024-08-03T12:48:18 IST" skipped="0">
  <testcase classname="practice.test.InParallelTest" name="getData3" time="0.000"/>
  <system-out/>
  <testcase classname="practice.test.InParallelTest" name="getData2" time="0.001"/>
  <system-out/>
  <testcase classname="practice.test.InParallelTest" name="getData1" time="0.001"/>
  <system-out/>
  <testcase classname="practice.test.InParallelTest" name="getData" time="0.007"/>
  <system-out/>
  <testcase classname="practice.test.InParallelTest" name="getData4" time="0.001"/>
  <system-out/>
  <testcase classname="practice.test.InParallelTest" name="getData5" time="0.000"/>
  <system-out/>
</testsuite> <!-- practice.test.InParallelTest -->
